[debug] [2025-07-21T09:52:05.951Z] ----------------------------------------------------------------------
[debug] [2025-07-21T09:52:05.955Z] Command:       C:\Program Files\nodejs\node.exe C:\Users\USER\AppData\Roaming\npm\node_modules\firebase-tools\lib\bin\firebase.js init
[debug] [2025-07-21T09:52:05.955Z] CLI Version:   14.11.0
[debug] [2025-07-21T09:52:05.956Z] Platform:      win32
[debug] [2025-07-21T09:52:05.956Z] Node Version:  v24.4.1
[debug] [2025-07-21T09:52:05.956Z] Time:          Mon Jul 21 2025 15:22:05 GMT+0530 (India Standard Time)
[debug] [2025-07-21T09:52:05.956Z] ----------------------------------------------------------------------
[debug] 
[debug] [2025-07-21T09:52:05.962Z] > command requires scopes: ["email","openid","https://www.googleapis.com/auth/cloudplatformprojects.readonly","https://www.googleapis.com/auth/firebase","https://www.googleapis.com/auth/cloud-platform"]
[debug] [2025-07-21T09:52:05.963Z] > authorizing via signed-in user (chituu900@gmail.com)
[info] 
     ######## #### ########  ######## ########     ###     ######  ########
     ##        ##  ##     ## ##       ##     ##  ##   ##  ##       ##
     ######    ##  ########  ######   ########  #########  ######  ######
     ##        ##  ##    ##  ##       ##     ## ##     ##       ## ##
     ##       #### ##     ## ######## ########  ##     ##  ######  ########

You're about to initialize a Firebase project in this directory:

  C:\Users\USER\Desktop\Project\TeamPad

[debug] [2025-07-21T09:52:30.070Z] ExitPromptError: User force closed the prompt with SIGINT
    at Interface.sigint (C:\Users\USER\AppData\Roaming\npm\node_modules\firebase-tools\node_modules\@inquirer\core\dist\commonjs\lib\create-prompt.js:101:37)
    at Interface.emit (node:events:507:28)
    at Interface.emit (node:domain:489:12)
    at [_ttyWrite] [as _ttyWrite] (node:internal/readline/interface:1315:18)
    at ReadStream.onkeypress (node:internal/readline/interface:284:20)
    at ReadStream.emit (node:events:519:35)
    at ReadStream.emit (node:domain:489:12)
    at emitKeys (node:internal/readline/utils:371:14)
    at emitKeys.next (<anonymous>)
    at ReadStream.onData (node:internal/readline/emitKeypressEvents:64:36)
[error] 
[error] Error: An unexpected error has occurred.
